<?xml version="1.0" encoding="UTF-8"?>
<testsuite xmlns:xsi="http://www.w3.org/2001/XMLSchema-instance" xsi:noNamespaceSchemaLocation="https://maven.apache.org/surefire/maven-surefire-plugin/xsd/surefire-test-report.xsd" name="org.powertac.samplebroker.PortfolioManagerTest" time="0.729" tests="1" errors="1" skipped="0" failures="0">
  <properties>
    <property name="sun.desktop" value="gnome"/>
    <property name="awt.toolkit" value="sun.awt.X11.XToolkit"/>
    <property name="file.encoding.pkg" value="sun.io"/>
    <property name="java.specification.version" value="1.8"/>
    <property name="sun.cpu.isalist" value=""/>
    <property name="sun.jnu.encoding" value="UTF-8"/>
    <property name="java.class.path" value="/home/sanjay/.m2/repository/org/apache/maven/surefire/surefire-booter/2.22.1/surefire-booter-2.22.1.jar:/home/sanjay/.m2/repository/org/apache/maven/surefire/surefire-api/2.22.1/surefire-api-2.22.1.jar:/home/sanjay/.m2/repository/org/apache/maven/surefire/surefire-logger-api/2.22.1/surefire-logger-api-2.22.1.jar:/home/sanjay/Office/PowerTAC/PowerTAC2020/brokers/VidyutVanika2020/target/test-classes:/home/sanjay/Office/PowerTAC/PowerTAC2020/brokers/VidyutVanika2020/target/classes:/home/sanjay/.m2/repository/org/powertac/broker-core/1.6.0-SNAPSHOT/broker-core-1.6.0-SNAPSHOT.jar:/home/sanjay/.m2/repository/org/powertac/common/1.6.0-SNAPSHOT/common-1.6.0-SNAPSHOT.jar:/home/sanjay/.m2/repository/org/powertac/powertac-aop/1.6.0-SNAPSHOT/powertac-aop-1.6.0-SNAPSHOT.jar:/home/sanjay/.m2/repository/org/aspectj/aspectjrt/1.9.2/aspectjrt-1.9.2.jar:/home/sanjay/.m2/repository/org/springframework/spring-core/5.1.2.RELEASE/spring-core-5.1.2.RELEASE.jar:/home/sanjay/.m2/repository/org/springframework/spring-jcl/5.1.2.RELEASE/spring-jcl-5.1.2.RELEASE.jar:/home/sanjay/.m2/repository/org/springframework/spring-aop/5.1.2.RELEASE/spring-aop-5.1.2.RELEASE.jar:/home/sanjay/.m2/repository/org/springframework/spring-beans/5.1.2.RELEASE/spring-beans-5.1.2.RELEASE.jar:/home/sanjay/.m2/repository/org/springframework/spring-test/5.1.2.RELEASE/spring-test-5.1.2.RELEASE.jar:/home/sanjay/.m2/repository/org/apache/logging/log4j/log4j-api/2.11.1/log4j-api-2.11.1.jar:/home/sanjay/.m2/repository/org/apache/logging/log4j/log4j-core/2.11.1/log4j-core-2.11.1.jar:/home/sanjay/.m2/repository/org/apache/logging/log4j/log4j-jcl/2.11.1/log4j-jcl-2.11.1.jar:/home/sanjay/.m2/repository/org/apache/logging/log4j/log4j-slf4j-impl/2.11.1/log4j-slf4j-impl-2.11.1.jar:/home/sanjay/.m2/repository/javax/jms/javax.jms-api/2.0.1/javax.jms-api-2.0.1.jar:/home/sanjay/.m2/repository/joda-time/joda-time/2.10.1/joda-time-2.10.1.jar:/home/sanjay/.m2/repository/com/thoughtworks/xstream/xstream/1.4.11.1/xstream-1.4.11.1.jar:/home/sanjay/.m2/repository/xmlpull/xmlpull/1.1.3.1/xmlpull-1.1.3.1.jar:/home/sanjay/.m2/repository/xpp3/xpp3_min/1.1.4c/xpp3_min-1.1.4c.jar:/home/sanjay/.m2/repository/org/apache/commons/commons-configuration2/2.3/commons-configuration2-2.3.jar:/home/sanjay/.m2/repository/org/apache/commons/commons-lang3/3.8.1/commons-lang3-3.8.1.jar:/home/sanjay/.m2/repository/org/springframework/spring-jms/5.1.2.RELEASE/spring-jms-5.1.2.RELEASE.jar:/home/sanjay/.m2/repository/org/springframework/spring-messaging/5.1.2.RELEASE/spring-messaging-5.1.2.RELEASE.jar:/home/sanjay/.m2/repository/org/springframework/spring-tx/5.1.2.RELEASE/spring-tx-5.1.2.RELEASE.jar:/home/sanjay/.m2/repository/org/apache/activemq/activemq-broker/5.15.7/activemq-broker-5.15.7.jar:/home/sanjay/.m2/repository/org/apache/activemq/activemq-client/5.15.7/activemq-client-5.15.7.jar:/home/sanjay/.m2/repository/org/apache/activemq/activemq-openwire-legacy/5.15.7/activemq-openwire-legacy-5.15.7.jar:/home/sanjay/.m2/repository/com/google/guava/guava/18.0/guava-18.0.jar:/home/sanjay/.m2/repository/com/fasterxml/jackson/core/jackson-databind/2.9.6/jackson-databind-2.9.6.jar:/home/sanjay/.m2/repository/com/fasterxml/jackson/core/jackson-annotations/2.9.0/jackson-annotations-2.9.0.jar:/home/sanjay/.m2/repository/com/fasterxml/jackson/core/jackson-core/2.9.6/jackson-core-2.9.6.jar:/home/sanjay/.m2/repository/org/junit/jupiter/junit-jupiter-engine/5.3.1/junit-jupiter-engine-5.3.1.jar:/home/sanjay/.m2/repository/org/apiguardian/apiguardian-api/1.0.0/apiguardian-api-1.0.0.jar:/home/sanjay/.m2/repository/org/junit/platform/junit-platform-engine/1.3.1/junit-platform-engine-1.3.1.jar:/home/sanjay/.m2/repository/org/junit/platform/junit-platform-commons/1.3.1/junit-platform-commons-1.3.1.jar:/home/sanjay/.m2/repository/org/opentest4j/opentest4j/1.1.1/opentest4j-1.1.1.jar:/home/sanjay/.m2/repository/org/junit/jupiter/junit-jupiter-api/5.3.1/junit-jupiter-api-5.3.1.jar:/home/sanjay/.m2/repository/org/mockito/mockito-core/2.23.0/mockito-core-2.23.0.jar:/home/sanjay/.m2/repository/net/bytebuddy/byte-buddy/1.9.0/byte-buddy-1.9.0.jar:/home/sanjay/.m2/repository/net/bytebuddy/byte-buddy-agent/1.9.0/byte-buddy-agent-1.9.0.jar:/home/sanjay/.m2/repository/org/objenesis/objenesis/2.6/objenesis-2.6.jar:/home/sanjay/.m2/repository/org/mongodb/mongo-java-driver/3.0.4/mongo-java-driver-3.0.4.jar:/home/sanjay/.m2/repository/nz/ac/waikato/cms/weka/weka-stable/3.6.12/weka-stable-3.6.12.jar:/home/sanjay/.m2/repository/net/sf/squirrel-sql/thirdparty-non-maven/java-cup/0.11a/java-cup-0.11a.jar:/home/sanjay/.m2/repository/org/apache/activemq/activemq-core/5.6.0/activemq-core-5.6.0.jar:/home/sanjay/.m2/repository/org/apache/geronimo/specs/geronimo-jms_1.1_spec/1.1.1/geronimo-jms_1.1_spec-1.1.1.jar:/home/sanjay/.m2/repository/org/apache/activemq/kahadb/5.6.0/kahadb-5.6.0.jar:/home/sanjay/.m2/repository/org/apache/activemq/protobuf/activemq-protobuf/1.1/activemq-protobuf-1.1.jar:/home/sanjay/.m2/repository/org/fusesource/mqtt-client/mqtt-client/1.0/mqtt-client-1.0.jar:/home/sanjay/.m2/repository/org/fusesource/hawtdispatch/hawtdispatch-transport/1.9/hawtdispatch-transport-1.9.jar:/home/sanjay/.m2/repository/org/fusesource/hawtdispatch/hawtdispatch/1.9/hawtdispatch-1.9.jar:/home/sanjay/.m2/repository/org/fusesource/hawtbuf/hawtbuf/1.9/hawtbuf-1.9.jar:/home/sanjay/.m2/repository/org/apache/geronimo/specs/geronimo-j2ee-management_1.1_spec/1.0.1/geronimo-j2ee-management_1.1_spec-1.0.1.jar:/home/sanjay/.m2/repository/org/springframework/spring-context/5.1.2.RELEASE/spring-context-5.1.2.RELEASE.jar:/home/sanjay/.m2/repository/org/springframework/spring-expression/5.1.2.RELEASE/spring-expression-5.1.2.RELEASE.jar:/home/sanjay/.m2/repository/commons-net/commons-net/2.2/commons-net-2.2.jar:/home/sanjay/.m2/repository/org/jasypt/jasypt/1.8/jasypt-1.8.jar:/home/sanjay/.m2/repository/org/apache/activemq/activemq-pool/5.6.0/activemq-pool-5.6.0.jar:/home/sanjay/.m2/repository/org/apache/geronimo/specs/geronimo-jta_1.0.1B_spec/1.0.1/geronimo-jta_1.0.1B_spec-1.0.1.jar:/home/sanjay/.m2/repository/commons-pool/commons-pool/1.5.6/commons-pool-1.5.6.jar:/home/sanjay/.m2/repository/org/apache/xbean/xbean-spring/3.6/xbean-spring-3.6.jar:/home/sanjay/.m2/repository/commons-logging/commons-logging/1.2/commons-logging-1.2.jar:/home/sanjay/.m2/repository/org/slf4j/slf4j-api/1.6.4/slf4j-api-1.6.4.jar:/home/sanjay/.m2/repository/org/slf4j/slf4j-simple/1.6.4/slf4j-simple-1.6.4.jar:/home/sanjay/.m2/repository/net/sf/jopt-simple/jopt-simple/4.3/jopt-simple-4.3.jar:/home/sanjay/.m2/repository/net/sf/json-lib/json-lib/1.0/json-lib-1.0-jdk15.jar:/home/sanjay/.m2/repository/commons-beanutils/commons-beanutils/1.9.3/commons-beanutils-1.9.3.jar:/home/sanjay/.m2/repository/commons-collections/commons-collections/3.2.2/commons-collections-3.2.2.jar:/home/sanjay/.m2/repository/commons-lang/commons-lang/2.2/commons-lang-2.2.jar:/home/sanjay/.m2/repository/net/sf/ezmorph/ezmorph/1.0.1/ezmorph-1.0.1.jar:/home/sanjay/.m2/repository/org/apache/maven/surefire/surefire-junit-platform/2.22.1/surefire-junit-platform-2.22.1.jar:/home/sanjay/.m2/repository/org/junit/platform/junit-platform-launcher/1.3.1/junit-platform-launcher-1.3.1.jar"/>
    <property name="java.vm.vendor" value="Oracle Corporation"/>
    <property name="sun.arch.data.model" value="64"/>
    <property name="java.vendor.url" value="http://java.oracle.com/"/>
    <property name="user.timezone" value=""/>
    <property name="java.vm.specification.version" value="1.8"/>
    <property name="os.name" value="Linux"/>
    <property name="user.country" value="IN"/>
    <property name="sun.java.launcher" value="SUN_STANDARD"/>
    <property name="sun.boot.library.path" value="/usr/local/java/jdk1.8.0_221/jre/lib/amd64"/>
    <property name="sun.java.command" value="org.apache.maven.surefire.booter.ForkedBooter /home/sanjay/Office/PowerTAC/PowerTAC2020/brokers/VidyutVanika2020/target/surefire 2019-11-10T02-46-45_697-jvmRun1 surefire7234008481845872585tmp surefire_08633581719180831281tmp"/>
    <property name="surefire.test.class.path" value="/home/sanjay/Office/PowerTAC/PowerTAC2020/brokers/VidyutVanika2020/target/test-classes:/home/sanjay/Office/PowerTAC/PowerTAC2020/brokers/VidyutVanika2020/target/classes:/home/sanjay/.m2/repository/org/powertac/broker-core/1.6.0-SNAPSHOT/broker-core-1.6.0-SNAPSHOT.jar:/home/sanjay/.m2/repository/org/powertac/common/1.6.0-SNAPSHOT/common-1.6.0-SNAPSHOT.jar:/home/sanjay/.m2/repository/org/powertac/powertac-aop/1.6.0-SNAPSHOT/powertac-aop-1.6.0-SNAPSHOT.jar:/home/sanjay/.m2/repository/org/aspectj/aspectjrt/1.9.2/aspectjrt-1.9.2.jar:/home/sanjay/.m2/repository/org/springframework/spring-core/5.1.2.RELEASE/spring-core-5.1.2.RELEASE.jar:/home/sanjay/.m2/repository/org/springframework/spring-jcl/5.1.2.RELEASE/spring-jcl-5.1.2.RELEASE.jar:/home/sanjay/.m2/repository/org/springframework/spring-aop/5.1.2.RELEASE/spring-aop-5.1.2.RELEASE.jar:/home/sanjay/.m2/repository/org/springframework/spring-beans/5.1.2.RELEASE/spring-beans-5.1.2.RELEASE.jar:/home/sanjay/.m2/repository/org/springframework/spring-test/5.1.2.RELEASE/spring-test-5.1.2.RELEASE.jar:/home/sanjay/.m2/repository/org/apache/logging/log4j/log4j-api/2.11.1/log4j-api-2.11.1.jar:/home/sanjay/.m2/repository/org/apache/logging/log4j/log4j-core/2.11.1/log4j-core-2.11.1.jar:/home/sanjay/.m2/repository/org/apache/logging/log4j/log4j-jcl/2.11.1/log4j-jcl-2.11.1.jar:/home/sanjay/.m2/repository/org/apache/logging/log4j/log4j-slf4j-impl/2.11.1/log4j-slf4j-impl-2.11.1.jar:/home/sanjay/.m2/repository/javax/jms/javax.jms-api/2.0.1/javax.jms-api-2.0.1.jar:/home/sanjay/.m2/repository/joda-time/joda-time/2.10.1/joda-time-2.10.1.jar:/home/sanjay/.m2/repository/com/thoughtworks/xstream/xstream/1.4.11.1/xstream-1.4.11.1.jar:/home/sanjay/.m2/repository/xmlpull/xmlpull/1.1.3.1/xmlpull-1.1.3.1.jar:/home/sanjay/.m2/repository/xpp3/xpp3_min/1.1.4c/xpp3_min-1.1.4c.jar:/home/sanjay/.m2/repository/org/apache/commons/commons-configuration2/2.3/commons-configuration2-2.3.jar:/home/sanjay/.m2/repository/org/apache/commons/commons-lang3/3.8.1/commons-lang3-3.8.1.jar:/home/sanjay/.m2/repository/org/springframework/spring-jms/5.1.2.RELEASE/spring-jms-5.1.2.RELEASE.jar:/home/sanjay/.m2/repository/org/springframework/spring-messaging/5.1.2.RELEASE/spring-messaging-5.1.2.RELEASE.jar:/home/sanjay/.m2/repository/org/springframework/spring-tx/5.1.2.RELEASE/spring-tx-5.1.2.RELEASE.jar:/home/sanjay/.m2/repository/org/apache/activemq/activemq-broker/5.15.7/activemq-broker-5.15.7.jar:/home/sanjay/.m2/repository/org/apache/activemq/activemq-client/5.15.7/activemq-client-5.15.7.jar:/home/sanjay/.m2/repository/org/apache/activemq/activemq-openwire-legacy/5.15.7/activemq-openwire-legacy-5.15.7.jar:/home/sanjay/.m2/repository/com/google/guava/guava/18.0/guava-18.0.jar:/home/sanjay/.m2/repository/com/fasterxml/jackson/core/jackson-databind/2.9.6/jackson-databind-2.9.6.jar:/home/sanjay/.m2/repository/com/fasterxml/jackson/core/jackson-annotations/2.9.0/jackson-annotations-2.9.0.jar:/home/sanjay/.m2/repository/com/fasterxml/jackson/core/jackson-core/2.9.6/jackson-core-2.9.6.jar:/home/sanjay/.m2/repository/org/junit/jupiter/junit-jupiter-engine/5.3.1/junit-jupiter-engine-5.3.1.jar:/home/sanjay/.m2/repository/org/apiguardian/apiguardian-api/1.0.0/apiguardian-api-1.0.0.jar:/home/sanjay/.m2/repository/org/junit/platform/junit-platform-engine/1.3.1/junit-platform-engine-1.3.1.jar:/home/sanjay/.m2/repository/org/junit/platform/junit-platform-commons/1.3.1/junit-platform-commons-1.3.1.jar:/home/sanjay/.m2/repository/org/opentest4j/opentest4j/1.1.1/opentest4j-1.1.1.jar:/home/sanjay/.m2/repository/org/junit/jupiter/junit-jupiter-api/5.3.1/junit-jupiter-api-5.3.1.jar:/home/sanjay/.m2/repository/org/mockito/mockito-core/2.23.0/mockito-core-2.23.0.jar:/home/sanjay/.m2/repository/net/bytebuddy/byte-buddy/1.9.0/byte-buddy-1.9.0.jar:/home/sanjay/.m2/repository/net/bytebuddy/byte-buddy-agent/1.9.0/byte-buddy-agent-1.9.0.jar:/home/sanjay/.m2/repository/org/objenesis/objenesis/2.6/objenesis-2.6.jar:/home/sanjay/.m2/repository/org/mongodb/mongo-java-driver/3.0.4/mongo-java-driver-3.0.4.jar:/home/sanjay/.m2/repository/nz/ac/waikato/cms/weka/weka-stable/3.6.12/weka-stable-3.6.12.jar:/home/sanjay/.m2/repository/net/sf/squirrel-sql/thirdparty-non-maven/java-cup/0.11a/java-cup-0.11a.jar:/home/sanjay/.m2/repository/org/apache/activemq/activemq-core/5.6.0/activemq-core-5.6.0.jar:/home/sanjay/.m2/repository/org/apache/geronimo/specs/geronimo-jms_1.1_spec/1.1.1/geronimo-jms_1.1_spec-1.1.1.jar:/home/sanjay/.m2/repository/org/apache/activemq/kahadb/5.6.0/kahadb-5.6.0.jar:/home/sanjay/.m2/repository/org/apache/activemq/protobuf/activemq-protobuf/1.1/activemq-protobuf-1.1.jar:/home/sanjay/.m2/repository/org/fusesource/mqtt-client/mqtt-client/1.0/mqtt-client-1.0.jar:/home/sanjay/.m2/repository/org/fusesource/hawtdispatch/hawtdispatch-transport/1.9/hawtdispatch-transport-1.9.jar:/home/sanjay/.m2/repository/org/fusesource/hawtdispatch/hawtdispatch/1.9/hawtdispatch-1.9.jar:/home/sanjay/.m2/repository/org/fusesource/hawtbuf/hawtbuf/1.9/hawtbuf-1.9.jar:/home/sanjay/.m2/repository/org/apache/geronimo/specs/geronimo-j2ee-management_1.1_spec/1.0.1/geronimo-j2ee-management_1.1_spec-1.0.1.jar:/home/sanjay/.m2/repository/org/springframework/spring-context/5.1.2.RELEASE/spring-context-5.1.2.RELEASE.jar:/home/sanjay/.m2/repository/org/springframework/spring-expression/5.1.2.RELEASE/spring-expression-5.1.2.RELEASE.jar:/home/sanjay/.m2/repository/commons-net/commons-net/2.2/commons-net-2.2.jar:/home/sanjay/.m2/repository/org/jasypt/jasypt/1.8/jasypt-1.8.jar:/home/sanjay/.m2/repository/org/apache/activemq/activemq-pool/5.6.0/activemq-pool-5.6.0.jar:/home/sanjay/.m2/repository/org/apache/geronimo/specs/geronimo-jta_1.0.1B_spec/1.0.1/geronimo-jta_1.0.1B_spec-1.0.1.jar:/home/sanjay/.m2/repository/commons-pool/commons-pool/1.5.6/commons-pool-1.5.6.jar:/home/sanjay/.m2/repository/org/apache/xbean/xbean-spring/3.6/xbean-spring-3.6.jar:/home/sanjay/.m2/repository/commons-logging/commons-logging/1.2/commons-logging-1.2.jar:/home/sanjay/.m2/repository/org/slf4j/slf4j-api/1.6.4/slf4j-api-1.6.4.jar:/home/sanjay/.m2/repository/org/slf4j/slf4j-simple/1.6.4/slf4j-simple-1.6.4.jar:/home/sanjay/.m2/repository/net/sf/jopt-simple/jopt-simple/4.3/jopt-simple-4.3.jar:/home/sanjay/.m2/repository/net/sf/json-lib/json-lib/1.0/json-lib-1.0-jdk15.jar:/home/sanjay/.m2/repository/commons-beanutils/commons-beanutils/1.9.3/commons-beanutils-1.9.3.jar:/home/sanjay/.m2/repository/commons-collections/commons-collections/3.2.2/commons-collections-3.2.2.jar:/home/sanjay/.m2/repository/commons-lang/commons-lang/2.2/commons-lang-2.2.jar:/home/sanjay/.m2/repository/net/sf/ezmorph/ezmorph/1.0.1/ezmorph-1.0.1.jar:"/>
    <property name="sun.cpu.endian" value="little"/>
    <property name="user.home" value="/home/sanjay"/>
    <property name="user.language" value="en"/>
    <property name="java.specification.vendor" value="Oracle Corporation"/>
    <property name="java.home" value="/usr/local/java/jdk1.8.0_221/jre"/>
    <property name="basedir" value="/home/sanjay/Office/PowerTAC/PowerTAC2020/brokers/VidyutVanika2020"/>
    <property name="file.separator" value="/"/>
    <property name="line.separator" value="&#10;"/>
    <property name="java.vm.specification.vendor" value="Oracle Corporation"/>
    <property name="java.specification.name" value="Java Platform API Specification"/>
    <property name="java.awt.graphicsenv" value="sun.awt.X11GraphicsEnvironment"/>
    <property name="sun.boot.class.path" value="/usr/local/java/jdk1.8.0_221/jre/lib/resources.jar:/usr/local/java/jdk1.8.0_221/jre/lib/rt.jar:/usr/local/java/jdk1.8.0_221/jre/lib/sunrsasign.jar:/usr/local/java/jdk1.8.0_221/jre/lib/jsse.jar:/usr/local/java/jdk1.8.0_221/jre/lib/jce.jar:/usr/local/java/jdk1.8.0_221/jre/lib/charsets.jar:/usr/local/java/jdk1.8.0_221/jre/lib/jfr.jar:/usr/local/java/jdk1.8.0_221/jre/classes"/>
    <property name="sun.management.compiler" value="HotSpot 64-Bit Tiered Compilers"/>
    <property name="java.runtime.version" value="1.8.0_221-b11"/>
    <property name="user.name" value="sanjay"/>
    <property name="path.separator" value=":"/>
    <property name="os.version" value="5.0.0-32-generic"/>
    <property name="java.endorsed.dirs" value="/usr/local/java/jdk1.8.0_221/jre/lib/endorsed"/>
    <property name="java.runtime.name" value="Java(TM) SE Runtime Environment"/>
    <property name="file.encoding" value="UTF-8"/>
    <property name="java.vm.name" value="Java HotSpot(TM) 64-Bit Server VM"/>
    <property name="localRepository" value="/home/sanjay/.m2/repository"/>
    <property name="java.vendor.url.bug" value="http://bugreport.sun.com/bugreport/"/>
    <property name="java.io.tmpdir" value="/tmp"/>
    <property name="java.version" value="1.8.0_221"/>
    <property name="user.dir" value="/home/sanjay/Office/PowerTAC/PowerTAC2020/brokers/VidyutVanika2020"/>
    <property name="os.arch" value="amd64"/>
    <property name="java.vm.specification.name" value="Java Virtual Machine Specification"/>
    <property name="java.awt.printerjob" value="sun.print.PSPrinterJob"/>
    <property name="sun.os.patch.level" value="unknown"/>
    <property name="java.library.path" value="/usr/java/packages/lib/amd64:/usr/lib64:/lib64:/lib:/usr/lib"/>
    <property name="java.vm.info" value="mixed mode"/>
    <property name="java.vendor" value="Oracle Corporation"/>
    <property name="java.vm.version" value="25.221-b11"/>
    <property name="java.ext.dirs" value="/usr/local/java/jdk1.8.0_221/jre/lib/ext:/usr/java/packages/lib/ext"/>
    <property name="sun.io.unicode.encoding" value="UnicodeLittle"/>
    <property name="java.class.version" value="52.0"/>
  </properties>
  <testcase name="testCustomerBootstrap" classname="org.powertac.samplebroker.PortfolioManagerTest" time="0.725">
    <error type="java.lang.NullPointerException">java.lang.NullPointerException
	at org.powertac.samplebroker.PortfolioManagerService.initialize(PortfolioManagerService.java:202)
	at org.powertac.samplebroker.PortfolioManagerTest.setUp(PortfolioManagerTest.java:72)
	at sun.reflect.NativeMethodAccessorImpl.invoke0(Native Method)
	at sun.reflect.NativeMethodAccessorImpl.invoke(NativeMethodAccessorImpl.java:62)
	at sun.reflect.DelegatingMethodAccessorImpl.invoke(DelegatingMethodAccessorImpl.java:43)
	at java.lang.reflect.Method.invoke(Method.java:498)
	at org.junit.platform.commons.util.ReflectionUtils.invokeMethod(ReflectionUtils.java:515)
	at org.junit.jupiter.engine.execution.ExecutableInvoker.invoke(ExecutableInvoker.java:115)
	at org.junit.jupiter.engine.descriptor.ClassTestDescriptor.invokeMethodInExtensionContext(ClassTestDescriptor.java:436)
	at org.junit.jupiter.engine.descriptor.ClassTestDescriptor.lambda$synthesizeBeforeEachMethodAdapter$14(ClassTestDescriptor.java:424)
	at org.junit.jupiter.engine.descriptor.TestMethodTestDescriptor.lambda$invokeBeforeEachMethods$2(TestMethodTestDescriptor.java:136)
	at org.junit.platform.engine.support.hierarchical.ThrowableCollector.execute(ThrowableCollector.java:72)
	at org.junit.jupiter.engine.descriptor.TestMethodTestDescriptor.invokeBeforeMethodsOrCallbacksUntilExceptionOccurs(TestMethodTestDescriptor.java:156)
	at org.junit.jupiter.engine.descriptor.TestMethodTestDescriptor.invokeBeforeEachMethods(TestMethodTestDescriptor.java:135)
	at org.junit.jupiter.engine.descriptor.TestMethodTestDescriptor.execute(TestMethodTestDescriptor.java:110)
	at org.junit.jupiter.engine.descriptor.TestMethodTestDescriptor.execute(TestMethodTestDescriptor.java:59)
	at org.junit.platform.engine.support.hierarchical.NodeTestTask.lambda$executeRecursively$5(NodeTestTask.java:105)
	at org.junit.platform.engine.support.hierarchical.ThrowableCollector.execute(ThrowableCollector.java:72)
	at org.junit.platform.engine.support.hierarchical.NodeTestTask.executeRecursively(NodeTestTask.java:95)
	at org.junit.platform.engine.support.hierarchical.NodeTestTask.execute(NodeTestTask.java:71)
	at java.util.ArrayList.forEach(ArrayList.java:1257)
	at org.junit.platform.engine.support.hierarchical.SameThreadHierarchicalTestExecutorService.invokeAll(SameThreadHierarchicalTestExecutorService.java:38)
	at org.junit.platform.engine.support.hierarchical.NodeTestTask.lambda$executeRecursively$5(NodeTestTask.java:110)
	at org.junit.platform.engine.support.hierarchical.ThrowableCollector.execute(ThrowableCollector.java:72)
	at org.junit.platform.engine.support.hierarchical.NodeTestTask.executeRecursively(NodeTestTask.java:95)
	at org.junit.platform.engine.support.hierarchical.NodeTestTask.execute(NodeTestTask.java:71)
	at java.util.ArrayList.forEach(ArrayList.java:1257)
	at org.junit.platform.engine.support.hierarchical.SameThreadHierarchicalTestExecutorService.invokeAll(SameThreadHierarchicalTestExecutorService.java:38)
	at org.junit.platform.engine.support.hierarchical.NodeTestTask.lambda$executeRecursively$5(NodeTestTask.java:110)
	at org.junit.platform.engine.support.hierarchical.ThrowableCollector.execute(ThrowableCollector.java:72)
	at org.junit.platform.engine.support.hierarchical.NodeTestTask.executeRecursively(NodeTestTask.java:95)
	at org.junit.platform.engine.support.hierarchical.NodeTestTask.execute(NodeTestTask.java:71)
	at org.junit.platform.engine.support.hierarchical.SameThreadHierarchicalTestExecutorService.submit(SameThreadHierarchicalTestExecutorService.java:32)
	at org.junit.platform.engine.support.hierarchical.HierarchicalTestExecutor.execute(HierarchicalTestExecutor.java:57)
	at org.junit.platform.engine.support.hierarchical.HierarchicalTestEngine.execute(HierarchicalTestEngine.java:51)
	at org.junit.platform.launcher.core.DefaultLauncher.execute(DefaultLauncher.java:220)
	at org.junit.platform.launcher.core.DefaultLauncher.lambda$execute$6(DefaultLauncher.java:188)
	at org.junit.platform.launcher.core.DefaultLauncher.withInterceptedStreams(DefaultLauncher.java:202)
	at org.junit.platform.launcher.core.DefaultLauncher.execute(DefaultLauncher.java:181)
	at org.junit.platform.launcher.core.DefaultLauncher.execute(DefaultLauncher.java:128)
	at org.apache.maven.surefire.junitplatform.JUnitPlatformProvider.invokeAllTests(JUnitPlatformProvider.java:142)
	at org.apache.maven.surefire.junitplatform.JUnitPlatformProvider.invoke(JUnitPlatformProvider.java:117)
	at org.apache.maven.surefire.booter.ForkedBooter.invokeProviderInSameClassLoader(ForkedBooter.java:384)
	at org.apache.maven.surefire.booter.ForkedBooter.runSuitesInProcess(ForkedBooter.java:345)
	at org.apache.maven.surefire.booter.ForkedBooter.execute(ForkedBooter.java:126)
	at org.apache.maven.surefire.booter.ForkedBooter.main(ForkedBooter.java:418)
</error>
  </testcase>
</testsuite>